<?xml version="1.0" encoding="UTF-8"?>
<testsuite name="org.agh.ics.oop.AnimalTests" tests="1" skipped="0" failures="0" errors="0" timestamp="2023-01-07T10:51:09" hostname="DESKTOP-M7EP362" time="0.037">
  <properties/>
  <testcase name="moveTest()" classname="org.agh.ics.oop.AnimalTests" time="0.037"/>
  <system-out><![CDATA[5
6
6
7
7
6
6
6
7
6
6
7
]]></system-out>
  <system-err><![CDATA[]]></system-err>
</testsuite>
