<?xml version="1.0" encoding="UTF-8"?>
<testsuite name="org.agh.ics.oop.AnimalTests" tests="1" skipped="0" failures="0" errors="0" timestamp="2023-01-07T13:09:31" hostname="DESKTOP-M7EP362" time="0.033">
  <properties/>
  <testcase name="canMoveToTest()" classname="org.agh.ics.oop.AnimalTests" time="0.033"/>
  <system-out><![CDATA[there
there
]]></system-out>
  <system-err><![CDATA[]]></system-err>
</testsuite>
