<?xml version="1.0" encoding="UTF-8"?>
<testsuite name="org.agh.ics.oop.AnimalTests" tests="6" skipped="0" failures="0" errors="0" timestamp="2022-12-29T18:11:09" hostname="DESKTOP-M7EP362" time="0.079">
  <properties/>
  <testcase name="eatTest()" classname="org.agh.ics.oop.AnimalTests" time="0.051"/>
  <testcase name="childCreationTest()" classname="org.agh.ics.oop.AnimalTests" time="0.006"/>
  <testcase name="deathTest()" classname="org.agh.ics.oop.AnimalTests" time="0.005"/>
  <testcase name="conflictReproductionTest()" classname="org.agh.ics.oop.AnimalTests" time="0.004"/>
  <testcase name="foodConflict()" classname="org.agh.ics.oop.AnimalTests" time="0.002"/>
  <testcase name="canReproduceTest()" classname="org.agh.ics.oop.AnimalTests" time="0.002"/>
  <system-out><![CDATA[]]></system-out>
  <system-err><![CDATA[]]></system-err>
</testsuite>
