<?xml version="1.0" encoding="UTF-8"?>
<testsuite name="org.agh.ics.oop.AnimalTests" tests="1" skipped="0" failures="0" errors="0" timestamp="2022-12-30T11:37:23" hostname="DESKTOP-M7EP362" time="0.023">
  <properties/>
  <testcase name="conflictReproductionTest()" classname="org.agh.ics.oop.AnimalTests" time="0.023"/>
  <system-out><![CDATA[]]></system-out>
  <system-err><![CDATA[]]></system-err>
</testsuite>
