<?xml version="1.0" encoding="UTF-8"?>
<testsuite name="org.agh.ics.oop.AnimalTests" tests="6" skipped="0" failures="0" errors="0" timestamp="2023-01-02T10:43:34" hostname="DESKTOP-M7EP362" time="0.175">
  <properties/>
  <testcase name="eatTest()" classname="org.agh.ics.oop.AnimalTests" time="0.095"/>
  <testcase name="childCreationTest()" classname="org.agh.ics.oop.AnimalTests" time="0.011"/>
  <testcase name="deathTest()" classname="org.agh.ics.oop.AnimalTests" time="0.028"/>
  <testcase name="conflictReproductionTest()" classname="org.agh.ics.oop.AnimalTests" time="0.009"/>
  <testcase name="foodConflict()" classname="org.agh.ics.oop.AnimalTests" time="0.008"/>
  <testcase name="canReproduceTest()" classname="org.agh.ics.oop.AnimalTests" time="0.008"/>
  <system-out><![CDATA[NullPointerException at move
NullPointerException at move
NullPointerException at move
NullPointerException at move
NullPointerException at move
NullPointerException at move
NullPointerException at move
NullPointerException at move
NullPointerException at move
]]></system-out>
  <system-err><![CDATA[]]></system-err>
</testsuite>
